<?xml version="1.0" encoding="UTF-8"?>
<testng-results ignored="0" total="2" passed="2" failed="0" skipped="0">
  <reporter-output>
  </reporter-output>
  <suite started-at="2025-05-29T07:13:51 IST" name="Default suite" finished-at="2025-05-29T07:13:57 IST" duration-ms="5498">
    <groups>
    </groups>
    <test started-at="2025-05-29T07:13:51 IST" name="Default test" finished-at="2025-05-29T07:13:57 IST" duration-ms="5498">
      <class name="BasicSeleniumQuestions.TableSortAndPagination">
        <test-method signature="searchItem()[pri:0, instance:BasicSeleniumQuestions.TableSortAndPagination@13c9d689]" started-at="2025-05-29T07:13:52 IST" name="searchItem" finished-at="2025-05-29T07:13:54 IST" duration-ms="2594" status="PASS">
          <reporter-output>
          </reporter-output>
        </test-method> <!-- searchItem -->
        <test-method signature="sortTableTest()[pri:0, instance:BasicSeleniumQuestions.TableSortAndPagination@13c9d689]" started-at="2025-05-29T07:13:54 IST" name="sortTableTest" finished-at="2025-05-29T07:13:57 IST" duration-ms="2861" status="PASS">
          <reporter-output>
          </reporter-output>
        </test-method> <!-- sortTableTest -->
      </class> <!-- BasicSeleniumQuestions.TableSortAndPagination -->
    </test> <!-- Default test -->
  </suite> <!-- Default suite -->
</testng-results>
